c:\users\mr_n_\documents\cs-330 computer graffix\week 7\cs-330 computer graphics\kenrmod7project\openglsample\debug\vc143.pdb
c:\users\mr_n_\documents\cs-330 computer graffix\week 7\cs-330 computer graphics\kenrmod7project\openglsample\debug\vc143.idb
c:\users\mr_n_\documents\cs-330 computer graffix\week 7\cs-330 computer graphics\kenrmod7project\openglsample\debug\glad.nativecodeanalysis.sarif
c:\users\mr_n_\documents\cs-330 computer graffix\week 7\cs-330 computer graphics\kenrmod7project\openglsample\debug\glad.nativecodeanalysis.xml
c:\users\mr_n_\documents\cs-330 computer graffix\week 7\cs-330 computer graphics\kenrmod7project\openglsample\debug\glad.obj
c:\users\mr_n_\documents\cs-330 computer graffix\week 7\cs-330 computer graphics\kenrmod7project\openglsample\debug\main.nativecodeanalysis.sarif
c:\users\mr_n_\documents\cs-330 computer graffix\week 7\cs-330 computer graphics\kenrmod7project\openglsample\debug\main.nativecodeanalysis.xml
c:\users\mr_n_\documents\cs-330 computer graffix\week 7\cs-330 computer graphics\kenrmod7project\openglsample\debug\shader.nativecodeanalysis.sarif
c:\users\mr_n_\documents\cs-330 computer graffix\week 7\cs-330 computer graphics\kenrmod7project\openglsample\debug\shader.nativecodeanalysis.xml
c:\users\mr_n_\documents\cs-330 computer graffix\week 7\cs-330 computer graphics\kenrmod7project\openglsample\debug\shader.obj
c:\users\mr_n_\documents\cs-330 computer graffix\week 7\cs-330 computer graphics\kenrmod7project\openglsample\debug\main.obj
c:\users\mr_n_\documents\cs-330 computer graffix\week 7\cs-330 computer graphics\kenrmod7project\openglsample\debug\mod7project.ilk
c:\users\mr_n_\documents\cs-330 computer graffix\week 7\cs-330 computer graphics\kenrmod7project\debug\mod7project.exe
c:\users\mr_n_\documents\cs-330 computer graffix\week 7\cs-330 computer graphics\kenrmod7project\debug\mod7project.pdb
c:\users\mr_n_\documents\cs-330 computer graffix\week 7\cs-330 computer graphics\kenrmod7project\openglsample\debug\vc.nativecodeanalysis.all.xml
c:\users\mr_n_\documents\cs-330 computer graffix\week 7\cs-330 computer graphics\kenrmod7project\openglsample\debug\mod7project.tlog\cl.command.1.tlog
c:\users\mr_n_\documents\cs-330 computer graffix\week 7\cs-330 computer graphics\kenrmod7project\openglsample\debug\mod7project.tlog\cl.read.1.tlog
c:\users\mr_n_\documents\cs-330 computer graffix\week 7\cs-330 computer graphics\kenrmod7project\openglsample\debug\mod7project.tlog\cl.write.1.tlog
c:\users\mr_n_\documents\cs-330 computer graffix\week 7\cs-330 computer graphics\kenrmod7project\openglsample\debug\mod7project.tlog\link.command.1.tlog
c:\users\mr_n_\documents\cs-330 computer graffix\week 7\cs-330 computer graphics\kenrmod7project\openglsample\debug\mod7project.tlog\link.read.1.tlog
c:\users\mr_n_\documents\cs-330 computer graffix\week 7\cs-330 computer graphics\kenrmod7project\openglsample\debug\mod7project.tlog\link.write.1.tlog
